TN:
SF:./lib/ngContextMenu.js
FN:1,(anonymous_1)
FN:3,(anonymous_2)
FN:9,(anonymous_3)
FN:15,(anonymous_4)
FN:24,(anonymous_5)
FN:27,(anonymous_6)
FN:34,(anonymous_7)
FNF:7
FNH:6
FNDA:1,(anonymous_1)
FNDA:4,(anonymous_2)
FNDA:4,(anonymous_3)
FNDA:2,(anonymous_4)
FNDA:0,(anonymous_5)
FNDA:1,(anonymous_6)
FNDA:4,(anonymous_7)
DA:1,1
DA:2,1
DA:4,4
DA:10,4
DA:11,4
DA:12,4
DA:13,4
DA:14,4
DA:15,4
DA:16,2
DA:17,2
DA:18,2
DA:19,2
DA:24,4
DA:25,0
DA:27,4
DA:28,1
DA:29,1
DA:34,4
DA:35,4
DA:36,4
DA:37,4
DA:38,2
DA:39,2
DA:40,2
DA:41,2
DA:42,0
DA:43,0
DA:45,2
DA:46,2
DA:48,2
DA:49,2
DA:50,2
DA:55,4
DA:56,4
LF:35
LH:32
BRDA:12,1,0,4
BRDA:12,1,1,0
BRDA:28,2,0,1
BRDA:28,2,1,0
BRDA:37,3,0,2
BRDA:37,3,1,2
BRDA:41,4,0,0
BRDA:41,4,1,2
BRDA:45,5,0,2
BRDA:45,5,1,2
BRDA:46,6,0,2
BRDA:46,6,1,2
BRF:12
BRH:9
end_of_record
